Nov-25 19:25:19.767 [main] DEBUG nextflow.cli.Launcher - $> nextflow -C /orcd/data/dandi/001/test_aind/nextflow_slurm_custom.config -log /orcd/data/dandi/001/test_aind/results/nextflow/nextflow.log run /orcd/data/dandi/001/test_aind/aind-ephys-pipeline.source/pipeline/main_multi_backend.nf --work-dir /orcd/data/dandi/001/test_aind/work --job_dispatch_args '--input nwb' --nwb_ecephys_args '--backend hdf5'
Nov-25 19:25:19.964 [main] DEBUG nextflow.cli.CmdRun - N E X T F L O W  ~  version 24.10.4
Nov-25 19:25:20.001 [main] DEBUG nextflow.plugin.PluginsFacade - Setting up plugin manager > mode=prod; embedded=false; plugins-dir=/home/cb239/.nextflow/plugins; core-plugins: nf-amazon@2.9.2,nf-azure@1.10.2,nf-cloudcache@0.4.2,nf-codecommit@0.2.2,nf-console@1.1.4,nf-google@1.15.3,nf-tower@1.9.3,nf-wave@1.7.4
Nov-25 19:25:20.044 [main] INFO  o.pf4j.DefaultPluginStatusProvider - Enabled plugins: []
Nov-25 19:25:20.045 [main] INFO  o.pf4j.DefaultPluginStatusProvider - Disabled plugins: []
Nov-25 19:25:20.049 [main] INFO  org.pf4j.DefaultPluginManager - PF4J version 3.12.0 in 'deployment' mode
Nov-25 19:25:20.068 [main] INFO  org.pf4j.AbstractPluginManager - No plugins
Nov-25 19:25:20.103 [main] DEBUG nextflow.config.ConfigBuilder - Parsing config file: /orcd/data/dandi/001/test_aind/nextflow_slurm_custom.config
Nov-25 19:25:20.176 [main] DEBUG n.secret.LocalSecretsProvider - Secrets store: /home/cb239/.nextflow/secrets/store.json
Nov-25 19:25:20.180 [main] DEBUG nextflow.secret.SecretsLoader - Discovered secrets providers: [nextflow.secret.LocalSecretsProvider@697446d4] - activable => nextflow.secret.LocalSecretsProvider@697446d4
Nov-25 19:25:20.208 [main] DEBUG nextflow.config.ConfigBuilder - Applying config profile: `standard`
Nov-25 19:25:21.214 [main] DEBUG nextflow.cli.CmdRun - Applied DSL=2 from script declaration
Nov-25 19:25:21.247 [main] DEBUG nextflow.cli.CmdRun - Launching `/orcd/data/dandi/001/test_aind/aind-ephys-pipeline.source/pipeline/main_multi_backend.nf` [focused_meitner] DSL2 - revision: 780c3e867c
Nov-25 19:25:21.250 [main] DEBUG nextflow.plugin.PluginsFacade - Plugins default=[]
Nov-25 19:25:21.251 [main] DEBUG nextflow.plugin.PluginsFacade - Plugins resolved requirement=[]
Nov-25 19:25:21.313 [main] DEBUG nextflow.Session - Session UUID: 7c2ed3af-889d-4526-9c21-7b8b5d075897
Nov-25 19:25:21.313 [main] DEBUG nextflow.Session - Run name: focused_meitner
Nov-25 19:25:21.314 [main] DEBUG nextflow.Session - Executor pool size: 2
Nov-25 19:25:21.323 [main] DEBUG nextflow.file.FilePorter - File porter settings maxRetries=3; maxTransfers=50; pollTimeout=null
Nov-25 19:25:21.330 [main] DEBUG nextflow.util.ThreadPoolBuilder - Creating thread pool 'FileTransfer' minSize=10; maxSize=10; workQueue=LinkedBlockingQueue[10000]; allowCoreThreadTimeout=false
Nov-25 19:25:21.378 [main] DEBUG nextflow.cli.CmdRun - 
  Version: 24.10.4 build 5934
  Created: 20-01-2025 16:47 UTC (11:47 EDT)
  System: Linux 4.18.0-372.9.1.el8.x86_64
  Runtime: Groovy 4.0.23 on OpenJDK 64-Bit Server VM 21-internal-adhoc.conda.src
  Encoding: UTF-8 (UTF-8)
  Process: 1907695@node3201 [10.1.32.1]
  CPUs: 2 - Mem: 8 GB (7.8 GB) - Swap: 4 GB (0)
Nov-25 19:25:21.409 [main] DEBUG nextflow.Session - Work-dir: /orcd/data/dandi/001/test_aind/work [nfs]
Nov-25 19:25:21.409 [main] DEBUG nextflow.Session - Script base path does not exist or is not a directory: /orcd/data/dandi/001/test_aind/aind-ephys-pipeline.source/pipeline/bin
Nov-25 19:25:21.420 [main] DEBUG nextflow.executor.ExecutorFactory - Extension executors providers=[]
Nov-25 19:25:21.432 [main] DEBUG nextflow.Session - Observer factory: DefaultObserverFactory
Nov-25 19:25:21.506 [main] DEBUG nextflow.cache.CacheFactory - Using Nextflow cache factory: nextflow.cache.DefaultCacheFactory
Nov-25 19:25:21.518 [main] DEBUG nextflow.util.CustomThreadPool - Creating default thread pool > poolSize: 3; maxThreads: 1000
Nov-25 19:25:21.594 [main] DEBUG nextflow.Session - Session start
Nov-25 19:25:21.597 [main] DEBUG nextflow.trace.TraceFileObserver - Workflow started -- trace file: /orcd/data/dandi/001/test_aind/results/nextflow/trace.txt
Nov-25 19:25:23.175 [main] DEBUG nextflow.script.ScriptRunner - > Launching execution
Nov-25 19:25:23.189 [main] INFO  nextflow.script.BaseScript - DATA_PATH: /orcd/data/dandi/001/test_aind/sample_data/data
Nov-25 19:25:23.190 [main] INFO  nextflow.script.BaseScript - RESULTS_PATH: /orcd/data/dandi/001/test_aind/results
Nov-25 19:25:23.190 [main] INFO  nextflow.script.BaseScript - PARAMS: [workDir:/orcd/data/dandi/001/test_aind/work, job_dispatch_args:--input nwb, nwb_ecephys_args:--backend hdf5, executor:slurm, default_queue:mit_normal, gpu_queue:mit_normal_gpu, ecephys_path:/orcd/data/dandi/001/test_aind/sample_data/data, params_file:null]
Nov-25 19:25:23.202 [main] INFO  nextflow.script.BaseScript - CONTAINER TAG: si-0.103.0
Nov-25 19:25:23.203 [main] INFO  nextflow.script.BaseScript - Using RUNMODE: full
Nov-25 19:25:23.204 [main] INFO  nextflow.script.BaseScript - No parameters file provided, using command line arguments.
Nov-25 19:25:23.206 [main] INFO  nextflow.script.BaseScript - No sorter specified, defaulting to kilosort4
Nov-25 19:25:23.206 [main] INFO  nextflow.script.BaseScript - Using SORTER: kilosort4 with args: 
Nov-25 19:25:23.415 [main] DEBUG nextflow.script.ProcessConfig - Config settings `withName:job_dispatch` matches process job_dispatch
Nov-25 19:25:23.425 [main] DEBUG nextflow.executor.ExecutorFactory - << taskConfig executor: slurm
Nov-25 19:25:23.426 [main] DEBUG nextflow.executor.ExecutorFactory - >> processorType: 'slurm'
Nov-25 19:25:23.440 [main] DEBUG nextflow.executor.Executor - [warm up] executor > slurm
Nov-25 19:25:23.448 [main] DEBUG n.processor.TaskPollingMonitor - Creating task monitor for executor 'slurm' > capacity: 100; pollInterval: 5s; dumpInterval: 5m 
Nov-25 19:25:23.453 [main] DEBUG n.processor.TaskPollingMonitor - >>> barrier register (monitor: slurm)
Nov-25 19:25:23.458 [main] DEBUG n.executor.AbstractGridExecutor - Creating executor 'slurm' > queue-stat-interval: 1m
Nov-25 19:25:23.554 [main] DEBUG nextflow.script.ProcessConfig - Config settings `withName:preprocessing` matches process preprocessing
Nov-25 19:25:23.556 [main] DEBUG nextflow.executor.ExecutorFactory - << taskConfig executor: slurm
Nov-25 19:25:23.556 [main] DEBUG nextflow.executor.ExecutorFactory - >> processorType: 'slurm'
Nov-25 19:25:23.568 [main] DEBUG nextflow.script.ProcessConfig - Config settings `withName:spikesort_kilosort4` matches process spikesort_kilosort4
Nov-25 19:25:23.569 [main] DEBUG nextflow.executor.ExecutorFactory - << taskConfig executor: slurm
Nov-25 19:25:23.569 [main] DEBUG nextflow.executor.ExecutorFactory - >> processorType: 'slurm'
Nov-25 19:25:23.585 [main] DEBUG nextflow.script.ProcessConfig - Config settings `withName:postprocessing` matches process postprocessing
Nov-25 19:25:23.587 [main] DEBUG nextflow.executor.ExecutorFactory - << taskConfig executor: slurm
Nov-25 19:25:23.587 [main] DEBUG nextflow.executor.ExecutorFactory - >> processorType: 'slurm'
Nov-25 19:25:23.594 [main] DEBUG nextflow.script.ProcessConfig - Config settings `withName:curation` matches process curation
Nov-25 19:25:23.595 [main] DEBUG nextflow.executor.ExecutorFactory - << taskConfig executor: slurm
Nov-25 19:25:23.595 [main] DEBUG nextflow.executor.ExecutorFactory - >> processorType: 'slurm'
Nov-25 19:25:23.612 [main] DEBUG nextflow.script.ProcessConfig - Config settings `withName:visualization` matches process visualization
Nov-25 19:25:23.615 [main] DEBUG nextflow.executor.ExecutorFactory - << taskConfig executor: slurm
Nov-25 19:25:23.615 [main] DEBUG nextflow.executor.ExecutorFactory - >> processorType: 'slurm'
Nov-25 19:25:23.640 [main] DEBUG nextflow.script.ProcessConfig - Config settings `withName:results_collector` matches process results_collector
Nov-25 19:25:23.642 [main] DEBUG nextflow.executor.ExecutorFactory - << taskConfig executor: slurm
Nov-25 19:25:23.642 [main] DEBUG nextflow.executor.ExecutorFactory - >> processorType: 'slurm'
Nov-25 19:25:23.657 [main] DEBUG nextflow.script.ProcessConfig - Config settings `withName:quality_control` matches process quality_control
Nov-25 19:25:23.660 [main] DEBUG nextflow.executor.ExecutorFactory - << taskConfig executor: slurm
Nov-25 19:25:23.660 [main] DEBUG nextflow.executor.ExecutorFactory - >> processorType: 'slurm'
Nov-25 19:25:23.669 [main] DEBUG nextflow.script.ProcessConfig - Config settings `withName:quality_control_collector` matches process quality_control_collector
Nov-25 19:25:23.671 [main] DEBUG nextflow.executor.ExecutorFactory - << taskConfig executor: slurm
Nov-25 19:25:23.671 [main] DEBUG nextflow.executor.ExecutorFactory - >> processorType: 'slurm'
Nov-25 19:25:23.686 [main] DEBUG nextflow.script.ProcessConfig - Config settings `withName:nwb_ecephys` matches process nwb_ecephys
Nov-25 19:25:23.687 [main] DEBUG nextflow.executor.ExecutorFactory - << taskConfig executor: slurm
Nov-25 19:25:23.687 [main] DEBUG nextflow.executor.ExecutorFactory - >> processorType: 'slurm'
Nov-25 19:25:23.704 [main] DEBUG nextflow.script.ProcessConfig - Config settings `withName:nwb_units` matches process nwb_units
Nov-25 19:25:23.705 [main] DEBUG nextflow.executor.ExecutorFactory - << taskConfig executor: slurm
Nov-25 19:25:23.706 [main] DEBUG nextflow.executor.ExecutorFactory - >> processorType: 'slurm'
Nov-25 19:25:23.721 [main] DEBUG nextflow.Session - Workflow process names [dsl2]: nwb_ecephys, visualization, results_collector, postprocessing, preprocessing, spikesort_kilosort25, job_dispatch, spikesort_spykingcircus2, spikesort_kilosort4, nwb_subject, curation, quality_control_collector, quality_control, nwb_units
Nov-25 19:25:23.724 [main] DEBUG nextflow.Session - Igniting dataflow network (12)
Nov-25 19:25:23.743 [main] DEBUG nextflow.processor.TaskProcessor - Starting process > job_dispatch
Nov-25 19:25:23.743 [main] DEBUG nextflow.processor.TaskProcessor - Starting process > preprocessing
Nov-25 19:25:23.743 [main] DEBUG nextflow.processor.TaskProcessor - Starting process > spikesort_kilosort4
Nov-25 19:25:23.743 [main] DEBUG nextflow.processor.TaskProcessor - Starting process > postprocessing
Nov-25 19:25:23.744 [main] DEBUG nextflow.processor.TaskProcessor - Starting process > curation
Nov-25 19:25:23.752 [main] DEBUG nextflow.processor.TaskProcessor - Starting process > visualization
Nov-25 19:25:23.752 [main] DEBUG nextflow.processor.TaskProcessor - Starting process > results_collector
Nov-25 19:25:23.752 [main] DEBUG nextflow.processor.TaskProcessor - Starting process > quality_control
Nov-25 19:25:23.752 [main] DEBUG nextflow.processor.TaskProcessor - Starting process > quality_control_collector
Nov-25 19:25:23.752 [main] DEBUG nextflow.processor.TaskProcessor - Starting process > nwb_ecephys
Nov-25 19:25:23.754 [main] DEBUG nextflow.processor.TaskProcessor - Starting process > nwb_units
Nov-25 19:25:23.755 [main] DEBUG nextflow.script.ScriptRunner - Parsed script files:
  Script_8527a200baf8713d: /orcd/data/dandi/001/test_aind/aind-ephys-pipeline.source/pipeline/main_multi_backend.nf
Nov-25 19:25:23.755 [main] DEBUG nextflow.script.ScriptRunner - > Awaiting termination 
Nov-25 19:25:23.755 [main] DEBUG nextflow.Session - Session await
Nov-25 19:25:23.876 [Actor Thread 16] DEBUG nextflow.container.SingularityCache - Apptainer found local store for image=docker://ghcr.io/allenneuraldynamics/aind-ephys-pipeline-base:si-0.103.0; path=/orcd/data/dandi/001/test_aind/work/apptainer_cache/ghcr.io-allenneuraldynamics-aind-ephys-pipeline-base-si-0.103.0.img
Nov-25 19:25:26.987 [Task submitter] DEBUG nextflow.executor.GridTaskHandler - [SLURM] submitted process job_dispatch (job-dispatch) > jobId: 6686553; workDir: /orcd/data/dandi/001/test_aind/work/12/545e4cd771d0259ace0307cba2d04e
Nov-25 19:25:26.987 [Task submitter] INFO  nextflow.Session - [12/545e4c] Submitted process > job_dispatch (job-dispatch)
Nov-25 19:26:28.466 [Task monitor] DEBUG n.processor.TaskPollingMonitor - Task completed > TaskHandler[jobId: 6686553; id: 1; name: job_dispatch (job-dispatch); status: COMPLETED; exit: 0; error: -; workDir: /orcd/data/dandi/001/test_aind/work/12/545e4cd771d0259ace0307cba2d04e started: 1764116788462; exited: 2025-11-26T00:26:19.882709382Z; ]
Nov-25 19:26:28.468 [Task monitor] DEBUG nextflow.util.ThreadPoolBuilder - Creating thread pool 'TaskFinalizer' minSize=10; maxSize=10; workQueue=LinkedBlockingQueue[10000]; allowCoreThreadTimeout=false
Nov-25 19:26:28.591 [Actor Thread 27] DEBUG nextflow.container.SingularityCache - Apptainer found local store for image=docker://ghcr.io/allenneuraldynamics/aind-ephys-pipeline-nwb:si-0.103.0; path=/orcd/data/dandi/001/test_aind/work/apptainer_cache/ghcr.io-allenneuraldynamics-aind-ephys-pipeline-nwb-si-0.103.0.img
Nov-25 19:26:30.099 [Task submitter] DEBUG nextflow.executor.GridTaskHandler - [SLURM] submitted process nwb_ecephys (nwb-ecephys) > jobId: 6686572; workDir: /orcd/data/dandi/001/test_aind/work/b3/a810715a91ef5c7cf34c956e733618
Nov-25 19:26:30.099 [Task submitter] INFO  nextflow.Session - [b3/a81071] Submitted process > nwb_ecephys (nwb-ecephys)
Nov-25 19:26:30.657 [Task submitter] DEBUG nextflow.executor.GridTaskHandler - [SLURM] submitted process preprocessing (preprocessing) > jobId: 6686573; workDir: /orcd/data/dandi/001/test_aind/work/56/ae3a06c8c71813b320ea83f1676c03
Nov-25 19:26:30.657 [Task submitter] INFO  nextflow.Session - [56/ae3a06] Submitted process > preprocessing (preprocessing)
Nov-25 19:28:38.463 [Task monitor] DEBUG n.processor.TaskPollingMonitor - Task completed > TaskHandler[jobId: 6686572; id: 3; name: nwb_ecephys (nwb-ecephys); status: COMPLETED; exit: 0; error: -; workDir: /orcd/data/dandi/001/test_aind/work/b3/a810715a91ef5c7cf34c956e733618 started: 1764116853462; exited: 2025-11-26T00:28:14.1164998Z; ]
Nov-25 19:30:28.465 [Task monitor] DEBUG n.processor.TaskPollingMonitor - !! executor slurm > tasks to be completed: 1 -- submitted tasks are shown below
~> TaskHandler[jobId: 6686573; id: 2; name: preprocessing (preprocessing); status: RUNNING; exit: -; error: -; workDir: /orcd/data/dandi/001/test_aind/work/56/ae3a06c8c71813b320ea83f1676c03 started: 1764116854313; exited: -; ]
Nov-25 19:34:08.469 [Task monitor] DEBUG n.processor.TaskPollingMonitor - Task completed > TaskHandler[jobId: 6686573; id: 2; name: preprocessing (preprocessing); status: COMPLETED; exit: 0; error: -; workDir: /orcd/data/dandi/001/test_aind/work/56/ae3a06c8c71813b320ea83f1676c03 started: 1764116854313; exited: 2025-11-26T00:33:51.55783466Z; ]
Nov-25 19:34:08.502 [Actor Thread 17] DEBUG nextflow.container.SingularityCache - Apptainer found local store for image=docker://ghcr.io/allenneuraldynamics/aind-ephys-spikesort-kilosort4:si-0.103.0; path=/orcd/data/dandi/001/test_aind/work/apptainer_cache/ghcr.io-allenneuraldynamics-aind-ephys-spikesort-kilosort4-si-0.103.0.img
Nov-25 19:34:14.943 [Task submitter] DEBUG nextflow.executor.GridTaskHandler - [SLURM] submitted process spikesort_kilosort4 (spikesort-kilosort4) > jobId: 6686649; workDir: /orcd/data/dandi/001/test_aind/work/39/c25f8a2c8a4cd34e0fbd65de6fbdf4
Nov-25 19:34:14.943 [Task submitter] INFO  nextflow.Session - [39/c25f8a] Submitted process > spikesort_kilosort4 (spikesort-kilosort4)
Nov-25 19:35:28.471 [Task monitor] DEBUG n.processor.TaskPollingMonitor - !! executor slurm > tasks to be completed: 1 -- submitted tasks are shown below
~> TaskHandler[jobId: 6686649; id: 4; name: spikesort_kilosort4 (spikesort-kilosort4); status: RUNNING; exit: -; error: -; workDir: /orcd/data/dandi/001/test_aind/work/39/c25f8a2c8a4cd34e0fbd65de6fbdf4 started: 1764117283470; exited: -; ]
Nov-25 19:37:29.363 [Task monitor] DEBUG nextflow.file.FileHelper - NFS path (true): /orcd/data/dandi/001/test_aind/work
Nov-25 19:37:29.617 [Task monitor] DEBUG n.processor.TaskPollingMonitor - Task completed > TaskHandler[jobId: 6686649; id: 4; name: spikesort_kilosort4 (spikesort-kilosort4); status: COMPLETED; exit: 0; error: -; workDir: /orcd/data/dandi/001/test_aind/work/39/c25f8a2c8a4cd34e0fbd65de6fbdf4 started: 1764117283470; exited: 2025-11-26T00:37:11.784220087Z; ]
Nov-25 19:37:34.577 [Task submitter] DEBUG nextflow.executor.GridTaskHandler - [SLURM] submitted process postprocessing (postprocessing) > jobId: 6686682; workDir: /orcd/data/dandi/001/test_aind/work/4f/305b071a3a0076188654be9c2b3220
Nov-25 19:37:34.577 [Task submitter] INFO  nextflow.Session - [4f/305b07] Submitted process > postprocessing (postprocessing)
Nov-25 19:38:34.366 [Task monitor] DEBUG n.processor.TaskPollingMonitor - Task completed > TaskHandler[jobId: 6686682; id: 5; name: postprocessing (postprocessing); status: COMPLETED; exit: 0; error: -; workDir: /orcd/data/dandi/001/test_aind/work/4f/305b071a3a0076188654be9c2b3220 started: 1764117484364; exited: 2025-11-26T00:38:23.366715389Z; ]
Nov-25 19:38:38.838 [Task submitter] DEBUG nextflow.executor.GridTaskHandler - [SLURM] submitted process curation (curation) > jobId: 6686697; workDir: /orcd/data/dandi/001/test_aind/work/34/6074e1bbb5fbaa56cec48a262f2050
Nov-25 19:38:38.839 [Task submitter] INFO  nextflow.Session - [34/6074e1] Submitted process > curation (curation)
Nov-25 19:39:09.368 [Task monitor] DEBUG n.processor.TaskPollingMonitor - Task completed > TaskHandler[jobId: 6686697; id: 6; name: curation (curation); status: COMPLETED; exit: 0; error: -; workDir: /orcd/data/dandi/001/test_aind/work/34/6074e1bbb5fbaa56cec48a262f2050 started: 1764117549366; exited: 2025-11-26T00:39:03.522292527Z; ]
Nov-25 19:39:10.506 [Task submitter] DEBUG nextflow.executor.GridTaskHandler - [SLURM] submitted process visualization (visualization) > jobId: 6686703; workDir: /orcd/data/dandi/001/test_aind/work/c4/e2e5b58b790e8b2d378ec6dd5c4e3a
Nov-25 19:39:10.506 [Task submitter] INFO  nextflow.Session - [c4/e2e5b5] Submitted process > visualization (visualization)
Nov-25 19:40:14.369 [Task monitor] DEBUG n.processor.TaskPollingMonitor - Task completed > TaskHandler[jobId: 6686703; id: 7; name: visualization (visualization); status: COMPLETED; exit: 0; error: -; workDir: /orcd/data/dandi/001/test_aind/work/c4/e2e5b58b790e8b2d378ec6dd5c4e3a started: 1764117614367; exited: 2025-11-26T00:40:06.163417002Z; ]
Nov-25 19:40:15.880 [Task submitter] DEBUG nextflow.executor.GridTaskHandler - [SLURM] submitted process results_collector (result-collector) > jobId: 6686715; workDir: /orcd/data/dandi/001/test_aind/work/07/85f4d849cb879b497adcce25e3f87d
Nov-25 19:40:15.880 [Task submitter] INFO  nextflow.Session - [07/85f4d8] Submitted process > results_collector (result-collector)
Nov-25 19:40:29.366 [Task monitor] DEBUG n.processor.TaskPollingMonitor - !! executor slurm > tasks to be completed: 1 -- submitted tasks are shown below
~> TaskHandler[jobId: 6686715; id: 8; name: results_collector (result-collector); status: SUBMITTED; exit: -; error: -; workDir: /orcd/data/dandi/001/test_aind/work/07/85f4d849cb879b497adcce25e3f87d started: -; exited: -; ]
Nov-25 19:41:19.370 [Task monitor] DEBUG n.processor.TaskPollingMonitor - Task completed > TaskHandler[jobId: 6686715; id: 8; name: results_collector (result-collector); status: COMPLETED; exit: 0; error: -; workDir: /orcd/data/dandi/001/test_aind/work/07/85f4d849cb879b497adcce25e3f87d started: 1764117679367; exited: 2025-11-26T00:41:02.950212803Z; ]
Nov-25 19:41:19.424 [TaskFinalizer-8] DEBUG nextflow.util.ThreadPoolBuilder - Creating thread pool 'PublishDir' minSize=10; maxSize=10; workQueue=LinkedBlockingQueue[10000]; allowCoreThreadTimeout=false
Nov-25 19:41:21.368 [Task submitter] DEBUG nextflow.executor.GridTaskHandler - [SLURM] submitted process nwb_units (nwb-units) > jobId: 6686730; workDir: /orcd/data/dandi/001/test_aind/work/7d/37b8a612533275f22492df2c43ce18
Nov-25 19:41:21.368 [Task submitter] INFO  nextflow.Session - [7d/37b8a6] Submitted process > nwb_units (nwb-units)
Nov-25 19:41:23.809 [Task submitter] DEBUG nextflow.executor.GridTaskHandler - [SLURM] submitted process quality_control (quality-control) > jobId: 6686731; workDir: /orcd/data/dandi/001/test_aind/work/29/b1c624c682b4df4760ae43499a4611
Nov-25 19:41:23.809 [Task submitter] INFO  nextflow.Session - [29/b1c624] Submitted process > quality_control (quality-control)
Nov-25 19:42:24.372 [Task monitor] DEBUG n.processor.TaskPollingMonitor - Task completed > TaskHandler[jobId: 6686730; id: 9; name: nwb_units (nwb-units); status: COMPLETED; exit: 0; error: -; workDir: /orcd/data/dandi/001/test_aind/work/7d/37b8a612533275f22492df2c43ce18 started: 1764117744370; exited: 2025-11-26T00:42:21.714122833Z; ]
Nov-25 19:42:24.374 [Task monitor] DEBUG n.processor.TaskPollingMonitor - Task completed > TaskHandler[jobId: 6686731; id: 10; name: quality_control (quality-control); status: COMPLETED; exit: 0; error: -; workDir: /orcd/data/dandi/001/test_aind/work/29/b1c624c682b4df4760ae43499a4611 started: 1764117744373; exited: 2025-11-26T00:42:21.401235636Z; ]
Nov-25 19:42:27.087 [Task submitter] DEBUG nextflow.executor.GridTaskHandler - [SLURM] submitted process quality_control_collector (qc-collector) > jobId: 6686750; workDir: /orcd/data/dandi/001/test_aind/work/80/1b91d446c40a91c4124788c2f0c4fc
Nov-25 19:42:27.087 [Task submitter] INFO  nextflow.Session - [80/1b91d4] Submitted process > quality_control_collector (qc-collector)
Nov-25 19:43:29.373 [Task monitor] DEBUG n.processor.TaskPollingMonitor - Task completed > TaskHandler[jobId: 6686750; id: 11; name: quality_control_collector (qc-collector); status: COMPLETED; exit: 0; error: -; workDir: /orcd/data/dandi/001/test_aind/work/80/1b91d446c40a91c4124788c2f0c4fc started: 1764117809371; exited: 2025-11-26T00:43:18.68457775Z; ]
Nov-25 19:43:29.382 [main] DEBUG nextflow.Session - Session await > all processes finished
Nov-25 19:43:34.371 [Task monitor] DEBUG n.processor.TaskPollingMonitor - <<< barrier arrives (monitor: slurm) - terminating tasks monitor poll loop
Nov-25 19:43:34.372 [main] DEBUG nextflow.Session - Session await > all barriers passed
Nov-25 19:43:34.376 [main] DEBUG nextflow.util.ThreadPoolManager - Thread pool 'TaskFinalizer' shutdown completed (hard=false)
Nov-25 19:43:34.377 [main] DEBUG nextflow.util.ThreadPoolManager - Thread pool 'PublishDir' shutdown completed (hard=false)
Nov-25 19:43:34.383 [main] DEBUG n.trace.WorkflowStatsObserver - Workflow completed > WorkflowStats[succeededCount=11; failedCount=0; ignoredCount=0; cachedCount=0; pendingCount=0; submittedCount=0; runningCount=0; retriesCount=0; abortedCount=0; succeedDuration=2h 46m 55s; failedDuration=0ms; cachedDuration=0ms;loadCpus=0; loadMemory=0; peakRunning=2; peakCpus=32; peakMemory=128 GB; ]
Nov-25 19:43:34.383 [main] DEBUG nextflow.trace.TraceFileObserver - Workflow completed -- saving trace file
Nov-25 19:43:34.388 [main] DEBUG nextflow.trace.ReportObserver - Workflow completed -- rendering execution report
Nov-25 19:43:35.520 [main] DEBUG nextflow.trace.TimelineObserver - Workflow completed -- rendering execution timeline
Nov-25 19:43:35.804 [main] DEBUG nextflow.cache.CacheDB - Closing CacheDB done
Nov-25 19:43:35.834 [main] DEBUG nextflow.util.ThreadPoolManager - Thread pool 'FileTransfer' shutdown completed (hard=false)
Nov-25 19:43:35.834 [main] DEBUG nextflow.script.ScriptRunner - > Execution complete -- Goodbye
